{"/home/aaronlucas/Developments/Star/wms7/src/middleware/AuthMiddleware.ts": {"path":"/home/aaronlucas/Developments/Star/wms7/src/middleware/AuthMiddleware.ts","statementMap":{"0":{"start":{"line":19,"column":11},"end":{"line":76,"column":null}},"1":{"start":{"line":20,"column":4},"end":{"line":75,"column":null}},"2":{"start":{"line":22,"column":23},"end":{"line":22,"column":null}},"3":{"start":{"line":23,"column":6},"end":{"line":26,"column":null}},"4":{"start":{"line":24,"column":8},"end":{"line":24,"column":null}},"5":{"start":{"line":25,"column":8},"end":{"line":25,"column":null}},"6":{"start":{"line":29,"column":25},"end":{"line":29,"column":null}},"7":{"start":{"line":30,"column":6},"end":{"line":33,"column":null}},"8":{"start":{"line":31,"column":8},"end":{"line":31,"column":null}},"9":{"start":{"line":32,"column":8},"end":{"line":32,"column":null}},"10":{"start":{"line":34,"column":20},"end":{"line":34,"column":null}},"11":{"start":{"line":37,"column":34},"end":{"line":37,"column":null}},"12":{"start":{"line":38,"column":6},"end":{"line":51,"column":null}},"13":{"start":{"line":39,"column":24},"end":{"line":39,"column":null}},"14":{"start":{"line":40,"column":23},"end":{"line":40,"column":null}},"15":{"start":{"line":41,"column":8},"end":{"line":44,"column":null}},"16":{"start":{"line":42,"column":10},"end":{"line":42,"column":null}},"17":{"start":{"line":43,"column":10},"end":{"line":43,"column":null}},"18":{"start":{"line":46,"column":8},"end":{"line":46,"column":null}},"19":{"start":{"line":47,"column":8},"end":{"line":47,"column":null}},"20":{"start":{"line":49,"column":8},"end":{"line":49,"column":null}},"21":{"start":{"line":50,"column":8},"end":{"line":50,"column":null}},"22":{"start":{"line":54,"column":21},"end":{"line":54,"column":null}},"23":{"start":{"line":55,"column":23},"end":{"line":55,"column":null}},"24":{"start":{"line":57,"column":22},"end":{"line":61,"column":null}},"25":{"start":{"line":63,"column":6},"end":{"line":66,"column":null}},"26":{"start":{"line":64,"column":8},"end":{"line":64,"column":null}},"27":{"start":{"line":65,"column":8},"end":{"line":65,"column":null}},"28":{"start":{"line":69,"column":6},"end":{"line":69,"column":null}},"29":{"start":{"line":71,"column":6},"end":{"line":71,"column":null}},"30":{"start":{"line":73,"column":6},"end":{"line":73,"column":null}},"31":{"start":{"line":74,"column":6},"end":{"line":74,"column":null}},"32":{"start":{"line":11,"column":4},"end":{"line":11,"column":null}},"33":{"start":{"line":12,"column":4},"end":{"line":12,"column":null}},"34":{"start":{"line":13,"column":4},"end":{"line":13,"column":null}}},"fnMap":{"0":{"name":"constructor","decl":{"start":{"line":10,"column":2},"end":{"line":10,"column":14}},"loc":{"start":{"line":10,"column":98},"end":{"line":14,"column":null}},"line":10},"1":{"name":"(anonymous_1)","decl":{"start":{"line":19,"column":11},"end":{"line":19,"column":18}},"loc":{"start":{"line":19,"column":85},"end":{"line":76,"column":null}},"line":19}},"branchMap":{"0":{"loc":{"start":{"line":22,"column":23},"end":{"line":22,"column":null}},"type":"binary-expr","locations":[{"start":{"line":22,"column":23},"end":{"line":22,"column":63}},{"start":{"line":22,"column":63},"end":{"line":22,"column":null}}],"line":22},"1":{"loc":{"start":{"line":23,"column":6},"end":{"line":26,"column":null}},"type":"if","locations":[{"start":{"line":23,"column":6},"end":{"line":26,"column":null}},{"start":{},"end":{}}],"line":23},"2":{"loc":{"start":{"line":30,"column":6},"end":{"line":33,"column":null}},"type":"if","locations":[{"start":{"line":30,"column":6},"end":{"line":33,"column":null}},{"start":{},"end":{}}],"line":30},"3":{"loc":{"start":{"line":30,"column":10},"end":{"line":30,"column":60}},"type":"binary-expr","locations":[{"start":{"line":30,"column":10},"end":{"line":30,"column":25}},{"start":{"line":30,"column":25},"end":{"line":30,"column":60}}],"line":30},"4":{"loc":{"start":{"line":41,"column":8},"end":{"line":44,"column":null}},"type":"if","locations":[{"start":{"line":41,"column":8},"end":{"line":44,"column":null}},{"start":{},"end":{}}],"line":41},"5":{"loc":{"start":{"line":63,"column":6},"end":{"line":66,"column":null}},"type":"if","locations":[{"start":{"line":63,"column":6},"end":{"line":66,"column":null}},{"start":{},"end":{}}],"line":63}},"s":{"0":5,"1":0,"2":0,"3":0,"4":0,"5":0,"6":0,"7":0,"8":0,"9":0,"10":0,"11":0,"12":0,"13":0,"14":0,"15":0,"16":0,"17":0,"18":0,"19":0,"20":0,"21":0,"22":0,"23":0,"24":0,"25":0,"26":0,"27":0,"28":0,"29":0,"30":0,"31":0,"32":5,"33":5,"34":5},"f":{"0":5,"1":0},"b":{"0":[0,0],"1":[0,0],"2":[0,0],"3":[0,0],"4":[0,0],"5":[0,0]},"meta":{"lastBranch":6,"lastFunction":2,"lastStatement":35,"seen":{"f:10:2:10:14":0,"s:19:11:76:Infinity":0,"f:19:11:19:18":1,"s:20:4:75:Infinity":1,"s:22:23:22:Infinity":2,"b:22:23:22:63:22:63:22:Infinity":0,"b:23:6:26:Infinity:undefined:undefined:undefined:undefined":1,"s:23:6:26:Infinity":3,"s:24:8:24:Infinity":4,"s:25:8:25:Infinity":5,"s:29:25:29:Infinity":6,"b:30:6:33:Infinity:undefined:undefined:undefined:undefined":2,"s:30:6:33:Infinity":7,"b:30:10:30:25:30:25:30:60":3,"s:31:8:31:Infinity":8,"s:32:8:32:Infinity":9,"s:34:20:34:Infinity":10,"s:37:34:37:Infinity":11,"s:38:6:51:Infinity":12,"s:39:24:39:Infinity":13,"s:40:23:40:Infinity":14,"b:41:8:44:Infinity:undefined:undefined:undefined:undefined":4,"s:41:8:44:Infinity":15,"s:42:10:42:Infinity":16,"s:43:10:43:Infinity":17,"s:46:8:46:Infinity":18,"s:47:8:47:Infinity":19,"s:49:8:49:Infinity":20,"s:50:8:50:Infinity":21,"s:54:21:54:Infinity":22,"s:55:23:55:Infinity":23,"s:57:22:61:Infinity":24,"b:63:6:66:Infinity:undefined:undefined:undefined:undefined":5,"s:63:6:66:Infinity":25,"s:64:8:64:Infinity":26,"s:65:8:65:Infinity":27,"s:69:6:69:Infinity":28,"s:71:6:71:Infinity":29,"s:73:6:73:Infinity":30,"s:74:6:74:Infinity":31,"s:11:4:11:Infinity":32,"s:12:4:12:Infinity":33,"s:13:4:13:Infinity":34},"fnNames":{}}}
,"/home/aaronlucas/Developments/Star/wms7/src/services/RoleManager.ts": {"path":"/home/aaronlucas/Developments/Star/wms7/src/services/RoleManager.ts","statementMap":{"0":{"start":{"line":4,"column":22},"end":{"line":4,"column":37}},"1":{"start":{"line":8,"column":28},"end":{"line":10,"column":null}},"2":{"start":{"line":11,"column":4},"end":{"line":11,"column":null}},"3":{"start":{"line":11,"column":15},"end":{"line":11,"column":null}},"4":{"start":{"line":12,"column":4},"end":{"line":12,"column":null}},"5":{"start":{"line":17,"column":28},"end":{"line":19,"column":null}},"6":{"start":{"line":20,"column":4},"end":{"line":20,"column":null}},"7":{"start":{"line":20,"column":15},"end":{"line":20,"column":null}},"8":{"start":{"line":21,"column":4},"end":{"line":21,"column":null}},"9":{"start":{"line":26,"column":28},"end":{"line":28,"column":null}},"10":{"start":{"line":29,"column":4},"end":{"line":29,"column":null}},"11":{"start":{"line":29,"column":15},"end":{"line":29,"column":null}},"12":{"start":{"line":30,"column":4},"end":{"line":30,"column":null}},"13":{"start":{"line":35,"column":28},"end":{"line":37,"column":null}},"14":{"start":{"line":38,"column":4},"end":{"line":38,"column":null}},"15":{"start":{"line":38,"column":15},"end":{"line":38,"column":null}},"16":{"start":{"line":39,"column":4},"end":{"line":39,"column":null}},"17":{"start":{"line":44,"column":28},"end":{"line":49,"column":null}},"18":{"start":{"line":50,"column":4},"end":{"line":50,"column":null}},"19":{"start":{"line":50,"column":15},"end":{"line":50,"column":null}},"20":{"start":{"line":51,"column":4},"end":{"line":51,"column":null}},"21":{"start":{"line":56,"column":28},"end":{"line":62,"column":null}},"22":{"start":{"line":63,"column":4},"end":{"line":63,"column":null}},"23":{"start":{"line":63,"column":15},"end":{"line":63,"column":null}},"24":{"start":{"line":64,"column":4},"end":{"line":64,"column":null}},"25":{"start":{"line":69,"column":28},"end":{"line":74,"column":null}},"26":{"start":{"line":75,"column":4},"end":{"line":75,"column":null}},"27":{"start":{"line":75,"column":15},"end":{"line":75,"column":null}},"28":{"start":{"line":76,"column":4},"end":{"line":76,"column":null}},"29":{"start":{"line":81,"column":22},"end":{"line":85,"column":null}},"30":{"start":{"line":86,"column":4},"end":{"line":86,"column":null}},"31":{"start":{"line":86,"column":15},"end":{"line":86,"column":null}},"32":{"start":{"line":91,"column":22},"end":{"line":95,"column":null}},"33":{"start":{"line":96,"column":4},"end":{"line":96,"column":null}},"34":{"start":{"line":96,"column":15},"end":{"line":96,"column":null}}},"fnMap":{"0":{"name":"constructor","decl":{"start":{"line":4,"column":2},"end":{"line":4,"column":14}},"loc":{"start":{"line":4,"column":37},"end":{"line":4,"column":null}},"line":4},"1":{"name":"createRole","decl":{"start":{"line":7,"column":8},"end":{"line":7,"column":19}},"loc":{"start":{"line":7,"column":69},"end":{"line":13,"column":null}},"line":7},"2":{"name":"createPermission","decl":{"start":{"line":16,"column":8},"end":{"line":16,"column":25}},"loc":{"start":{"line":16,"column":102},"end":{"line":22,"column":null}},"line":16},"3":{"name":"assignRolePermission","decl":{"start":{"line":25,"column":8},"end":{"line":25,"column":29}},"loc":{"start":{"line":25,"column":111},"end":{"line":31,"column":null}},"line":25},"4":{"name":"assignUserRole","decl":{"start":{"line":34,"column":8},"end":{"line":34,"column":23}},"loc":{"start":{"line":34,"column":94},"end":{"line":40,"column":null}},"line":34},"5":{"name":"hasRole","decl":{"start":{"line":43,"column":8},"end":{"line":43,"column":16}},"loc":{"start":{"line":43,"column":68},"end":{"line":52,"column":null}},"line":43},"6":{"name":"hasPermission","decl":{"start":{"line":55,"column":8},"end":{"line":55,"column":22}},"loc":{"start":{"line":55,"column":106},"end":{"line":65,"column":null}},"line":55},"7":{"name":"getUserPermissions","decl":{"start":{"line":68,"column":8},"end":{"line":68,"column":27}},"loc":{"start":{"line":68,"column":66},"end":{"line":77,"column":null}},"line":68},"8":{"name":"removeUserRole","decl":{"start":{"line":80,"column":8},"end":{"line":80,"column":23}},"loc":{"start":{"line":80,"column":70},"end":{"line":87,"column":null}},"line":80},"9":{"name":"removeRolePermission","decl":{"start":{"line":90,"column":8},"end":{"line":90,"column":29}},"loc":{"start":{"line":90,"column":82},"end":{"line":97,"column":null}},"line":90}},"branchMap":{"0":{"loc":{"start":{"line":11,"column":4},"end":{"line":11,"column":null}},"type":"if","locations":[{"start":{"line":11,"column":4},"end":{"line":11,"column":null}},{"start":{},"end":{}}],"line":11},"1":{"loc":{"start":{"line":20,"column":4},"end":{"line":20,"column":null}},"type":"if","locations":[{"start":{"line":20,"column":4},"end":{"line":20,"column":null}},{"start":{},"end":{}}],"line":20},"2":{"loc":{"start":{"line":29,"column":4},"end":{"line":29,"column":null}},"type":"if","locations":[{"start":{"line":29,"column":4},"end":{"line":29,"column":null}},{"start":{},"end":{}}],"line":29},"3":{"loc":{"start":{"line":38,"column":4},"end":{"line":38,"column":null}},"type":"if","locations":[{"start":{"line":38,"column":4},"end":{"line":38,"column":null}},{"start":{},"end":{}}],"line":38},"4":{"loc":{"start":{"line":50,"column":4},"end":{"line":50,"column":null}},"type":"if","locations":[{"start":{"line":50,"column":4},"end":{"line":50,"column":null}},{"start":{},"end":{}}],"line":50},"5":{"loc":{"start":{"line":63,"column":4},"end":{"line":63,"column":null}},"type":"if","locations":[{"start":{"line":63,"column":4},"end":{"line":63,"column":null}},{"start":{},"end":{}}],"line":63},"6":{"loc":{"start":{"line":75,"column":4},"end":{"line":75,"column":null}},"type":"if","locations":[{"start":{"line":75,"column":4},"end":{"line":75,"column":null}},{"start":{},"end":{}}],"line":75},"7":{"loc":{"start":{"line":86,"column":4},"end":{"line":86,"column":null}},"type":"if","locations":[{"start":{"line":86,"column":4},"end":{"line":86,"column":null}},{"start":{},"end":{}}],"line":86},"8":{"loc":{"start":{"line":96,"column":4},"end":{"line":96,"column":null}},"type":"if","locations":[{"start":{"line":96,"column":4},"end":{"line":96,"column":null}},{"start":{},"end":{}}],"line":96}},"s":{"0":19,"1":0,"2":0,"3":0,"4":0,"5":0,"6":0,"7":0,"8":0,"9":0,"10":0,"11":0,"12":0,"13":0,"14":0,"15":0,"16":0,"17":0,"18":0,"19":0,"20":0,"21":0,"22":0,"23":0,"24":0,"25":0,"26":0,"27":0,"28":0,"29":0,"30":0,"31":0,"32":0,"33":0,"34":0},"f":{"0":19,"1":0,"2":0,"3":0,"4":0,"5":0,"6":0,"7":0,"8":0,"9":0},"b":{"0":[0,0],"1":[0,0],"2":[0,0],"3":[0,0],"4":[0,0],"5":[0,0],"6":[0,0],"7":[0,0],"8":[0,0]},"meta":{"lastBranch":9,"lastFunction":10,"lastStatement":35,"seen":{"f:4:2:4:14":0,"s:4:22:4:37":0,"f:7:8:7:19":1,"s:8:28:10:Infinity":1,"b:11:4:11:Infinity:undefined:undefined:undefined:undefined":0,"s:11:4:11:Infinity":2,"s:11:15:11:Infinity":3,"s:12:4:12:Infinity":4,"f:16:8:16:25":2,"s:17:28:19:Infinity":5,"b:20:4:20:Infinity:undefined:undefined:undefined:undefined":1,"s:20:4:20:Infinity":6,"s:20:15:20:Infinity":7,"s:21:4:21:Infinity":8,"f:25:8:25:29":3,"s:26:28:28:Infinity":9,"b:29:4:29:Infinity:undefined:undefined:undefined:undefined":2,"s:29:4:29:Infinity":10,"s:29:15:29:Infinity":11,"s:30:4:30:Infinity":12,"f:34:8:34:23":4,"s:35:28:37:Infinity":13,"b:38:4:38:Infinity:undefined:undefined:undefined:undefined":3,"s:38:4:38:Infinity":14,"s:38:15:38:Infinity":15,"s:39:4:39:Infinity":16,"f:43:8:43:16":5,"s:44:28:49:Infinity":17,"b:50:4:50:Infinity:undefined:undefined:undefined:undefined":4,"s:50:4:50:Infinity":18,"s:50:15:50:Infinity":19,"s:51:4:51:Infinity":20,"f:55:8:55:22":6,"s:56:28:62:Infinity":21,"b:63:4:63:Infinity:undefined:undefined:undefined:undefined":5,"s:63:4:63:Infinity":22,"s:63:15:63:Infinity":23,"s:64:4:64:Infinity":24,"f:68:8:68:27":7,"s:69:28:74:Infinity":25,"b:75:4:75:Infinity:undefined:undefined:undefined:undefined":6,"s:75:4:75:Infinity":26,"s:75:15:75:Infinity":27,"s:76:4:76:Infinity":28,"f:80:8:80:23":8,"s:81:22:85:Infinity":29,"b:86:4:86:Infinity:undefined:undefined:undefined:undefined":7,"s:86:4:86:Infinity":30,"s:86:15:86:Infinity":31,"f:90:8:90:29":9,"s:91:22:95:Infinity":32,"b:96:4:96:Infinity:undefined:undefined:undefined:undefined":8,"s:96:4:96:Infinity":33,"s:96:15:96:Infinity":34},"fnNames":{}}}
}
